<?xml version="1.0" encoding="UTF-8"?>
<testng-results ignored="0" total="1" passed="1" failed="0" skipped="0">
  <reporter-output>
  </reporter-output>
  <suite started-at="2024-07-02T23:09:11 IST" name="Default suite" finished-at="2024-07-02T23:09:12 IST" duration-ms="983">
    <groups>
    </groups>
    <test started-at="2024-07-02T23:09:11 IST" name="Default test" finished-at="2024-07-02T23:09:12 IST" duration-ms="983">
      <class name="api.oAuthImplementation.handleoAuth">
        <test-method signature="getTokenFromoAuth2()[pri:0, instance:api.oAuthImplementation.handleoAuth@235ecd9f]" started-at="2024-07-02T23:09:11 IST" name="getTokenFromoAuth2" finished-at="2024-07-02T23:09:12 IST" duration-ms="962" status="PASS">
          <reporter-output>
          </reporter-output>
        </test-method> <!-- getTokenFromoAuth2 -->
      </class> <!-- api.oAuthImplementation.handleoAuth -->
    </test> <!-- Default test -->
  </suite> <!-- Default suite -->
</testng-results>
