<?xml version="1.0" encoding="UTF-8"?>
<!-- Generated by org.testng.reporters.JUnitXMLReporter -->
<testsuite ignored="0" hostname="192.168.1.50" failures="0" tests="6" name="Test" time="2.183" errors="0" timestamp="2024-06-18T18:15:57 IST">
  <testcase classname="api.tests.loginTest" name="validUserLoginTest" time="1.053"/>
  <testcase classname="api.tests.loginTest" name="invalidUserLoginTest" time="0.173"/>
  <testcase classname="api.tests.addProduct" name="addProductApiTest" time="0.48"/>
  <testcase classname="api.tests.createOrder" name="createOrderApiTest" time="0.176"/>
  <testcase classname="api.tests.getOrderDetails" name="getOrderApiTest" time="0.138"/>
  <testcase classname="api.tests.deleteProduct" name="deleteProductApiTest" time="0.134"/>
</testsuite> <!-- Test -->
